  pch.cpp
  cardinal_spline.cpp
C:\Users\nvsbl\Documents\GitHub\SplineMethodsLibrary\spline_kernel\cardinal_spline.cpp(25,2): warning C4273:  'sml::cardinal::api_bsplvb': inconsistent dll linkage
  dllmain.cpp
  interval.cpp
C:\Users\nvsbl\Documents\GitHub\SplineMethodsLibrary\spline_kernel\cardinal_spline.h(70,23): message :  see previous definition of 'api_bsplvb'
C:\Users\nvsbl\Documents\GitHub\SplineMethodsLibrary\spline_kernel\interval.cpp(6,45): warning C4273:  'sml::interval::interval': inconsistent dll linkage
C:\Users\nvsbl\Documents\GitHub\SplineMethodsLibrary\spline_kernel\interval.h(13,3): message :  see previous definition of '{ctor}'
C:\Users\nvsbl\Documents\GitHub\SplineMethodsLibrary\spline_kernel\interval.cpp(13,1): warning C4273:  'sml::interval::length': inconsistent dll linkage
C:\Users\nvsbl\Documents\GitHub\SplineMethodsLibrary\spline_kernel\interval.h(18,10): message :  see previous definition of 'length'
C:\Users\nvsbl\Documents\GitHub\SplineMethodsLibrary\spline_kernel\interval.cpp(19,1): warning C4273:  'sml::interval::get_step': inconsistent dll linkage
C:\Users\nvsbl\Documents\GitHub\SplineMethodsLibrary\spline_kernel\interval.h(16,10): message :  see previous definition of 'get_step'
C:\Users\nvsbl\Documents\GitHub\SplineMethodsLibrary\spline_kernel\interval.cpp(27,1): warning C4273:  'sml::interval::get_inverse_step': inconsistent dll linkage
C:\Users\nvsbl\Documents\GitHub\SplineMethodsLibrary\spline_kernel\interval.h(17,10): message :  see previous definition of 'get_inverse_step'
C:\Users\nvsbl\Documents\GitHub\SplineMethodsLibrary\spline_kernel\interval.cpp(36,1): warning C4273:  'sml::interval::is_contains': inconsistent dll linkage
  spline_kernel.cpp
C:\Users\nvsbl\Documents\GitHub\SplineMethodsLibrary\spline_kernel\interval.h(20,8): message :  see previous definition of 'is_contains'
C:\Users\nvsbl\Documents\GitHub\SplineMethodsLibrary\spline_kernel\spline_kernel.cpp(7,1): warning C4273:  'meaning_of_life': inconsistent dll linkage
C:\Users\nvsbl\Documents\GitHub\SplineMethodsLibrary\spline_kernel\spline_kernel.h(11,43): message :  see previous definition of 'meaning_of_life'
C:\Users\nvsbl\Documents\GitHub\SplineMethodsLibrary\spline_kernel\spline_kernel.cpp(12,12): warning C4273:  'foo': inconsistent dll linkage
  Generating Code...
C:\Users\nvsbl\Documents\GitHub\SplineMethodsLibrary\spline_kernel\spline_kernel.h(13,39): message :  see previous definition of 'foo'
     Creating library C:\Users\nvsbl\Documents\GitHub\SplineMethodsLibrary\spline_kernel\x64\Debug\spline_kernel.lib and object C:\Users\nvsbl\Documents\GitHub\SplineMethodsLibrary\spline_kernel\x64\Debug\spline_kernel.exp
LINK : warning LNK4217: symbol '??0interval@sml@@QEAA@NN@Z (public: __cdecl sml::interval::interval(double,double))' defined in 'interval.obj' is imported by 'cardinal_spline.obj' in function '"class std::vector<double,class std::allocator<double> > __cdecl sml::cardinal::bsplvb(double,int)" (?bsplvb@cardinal@sml@@YA?AV?$vector@NV?$allocator@N@std@@@std@@NH@Z)'
LINK : warning LNK4286: symbol '??0interval@sml@@QEAA@NN@Z (public: __cdecl sml::interval::interval(double,double))' defined in 'interval.obj' is imported by 'spline_kernel.obj'
LINK : warning LNK4217: symbol '?is_contains@interval@sml@@QEBA_NN@Z (public: bool __cdecl sml::interval::is_contains(double)const )' defined in 'interval.obj' is imported by 'cardinal_spline.obj' in function '"class std::vector<double,class std::allocator<double> > __cdecl sml::cardinal::bsplvb(double,int)" (?bsplvb@cardinal@sml@@YA?AV?$vector@NV?$allocator@N@std@@@std@@NH@Z)'
  spline_kernel.vcxproj -> C:\Users\nvsbl\Documents\GitHub\SplineMethodsLibrary\spline_kernel\x64\Debug\spline_kernel.dll
